<?xml version="1.0" encoding="UTF-8"?>
<!-- Generated by org.testng.reporters.JUnitXMLReporter -->
<testsuite ignored="0" hostname="DESKTOP-RA2L324" failures="2" tests="7" name="Testng" time="92.253" errors="0" timestamp="2024-07-01T08:55:19 IDT">
  <testcase classname="wistamp.tests.LoginTest" name="loginFailure" time="2.318"/>
  <testcase classname="wistamp.tests.LoginTest" name="loginSucess" time="4.433"/>
  <testcase classname="wistamp.tests.ForgotPasswordTest" name="forgotPass" time="8.119"/>
  <testcase classname="wistamp.tests.RenameTest" name="RenameSignature" time="14.854">
    <failure type="java.lang.AssertionError" message="expected [New Signature1] but found [New Signature]">
      <![CDATA[java.lang.AssertionError: expected [New Signature1] but found [New Signature]
at wistamp.tests.RenameTest.RenameSignature(RenameTest.java:34)
at java.base/java.util.ArrayList.forEach(ArrayList.java:1511)
... Removed 33 stack frames]]>
    </failure>
  </testcase> <!-- RenameSignature -->
  <testcase classname="wistamp.tests.RenameTest" name="greenPopUp" time="0.129"/>
  <testcase classname="wistamp.tests.TestEdit" name="addDetails" time="16.007">
    <failure type="java.lang.AssertionError" message="expected [Alex] but found [AlexAlex]">
      <![CDATA[java.lang.AssertionError: expected [Alex] but found [AlexAlex]
at wistamp.tests.TestEdit.addDetails(TestEdit.java:27)
at java.base/java.util.ArrayList.forEach(ArrayList.java:1511)
... Removed 33 stack frames]]>
    </failure>
  </testcase> <!-- addDetails -->
  <testcase classname="wistamp.tests.AppDetailsTest" name="addVideo" time="14.933"/>
</testsuite> <!-- Testng -->
