<?xml version="1.0" encoding="UTF-8"?>
<testng-results skipped="0" failed="2" ignored="0" total="7" passed="5">
  <reporter-output>
  </reporter-output>
  <suite name="Suite" duration-ms="123739" started-at="2024-07-01T10:21:24 IDT" finished-at="2024-07-01T10:23:28 IDT">
    <groups>
    </groups>
    <test name="Testng" duration-ms="123739" started-at="2024-07-01T10:21:24 IDT" finished-at="2024-07-01T10:23:28 IDT">
      <class name="wistamp.tests.ForgotPasswordTest">
        <test-method status="PASS" signature="setup(org.testng.ITestContext)[pri:0, instance:wistamp.tests.ForgotPasswordTest@3e2fc448]" name="setup" is-config="true" duration-ms="2911" started-at="2024-07-01T10:22:00 IDT" finished-at="2024-07-01T10:22:03 IDT">
          <params>
            <param index="0">
              <value>
                <![CDATA[org.testng.TestRunner@c82ad22]]>
              </value>
            </param>
          </params>
          <reporter-output>
          </reporter-output>
        </test-method> <!-- setup -->
        <test-method status="PASS" signature="forgotPass()[pri:0, instance:wistamp.tests.ForgotPasswordTest@3e2fc448]" name="forgotPass" duration-ms="7362" started-at="2024-07-01T10:22:03 IDT" description="Test login with wrong details" finished-at="2024-07-01T10:22:11 IDT">
          <reporter-output>
          </reporter-output>
        </test-method> <!-- forgotPass -->
        <test-method status="PASS" signature="tearDown()[pri:0, instance:wistamp.tests.ForgotPasswordTest@3e2fc448]" name="tearDown" is-config="true" duration-ms="1240" started-at="2024-07-01T10:22:11 IDT" finished-at="2024-07-01T10:22:12 IDT">
          <reporter-output>
          </reporter-output>
        </test-method> <!-- tearDown -->
      </class> <!-- wistamp.tests.ForgotPasswordTest -->
      <class name="wistamp.tests.LoginTest">
        <test-method status="PASS" signature="setup(org.testng.ITestContext)[pri:0, instance:wistamp.tests.LoginTest@69c43e48]" name="setup" is-config="true" duration-ms="22659" started-at="2024-07-01T10:21:24 IDT" finished-at="2024-07-01T10:21:47 IDT">
          <params>
            <param index="0">
              <value>
                <![CDATA[org.testng.TestRunner@c82ad22]]>
              </value>
            </param>
          </params>
          <reporter-output>
          </reporter-output>
        </test-method> <!-- setup -->
        <test-method status="PASS" signature="loginFailure()[pri:0, instance:wistamp.tests.LoginTest@69c43e48]" name="loginFailure" duration-ms="4157" started-at="2024-07-01T10:21:47 IDT" description="Test login with wrong details" finished-at="2024-07-01T10:21:51 IDT">
          <reporter-output>
          </reporter-output>
        </test-method> <!-- loginFailure -->
        <test-method status="PASS" signature="loginSucess()[pri:0, instance:wistamp.tests.LoginTest@69c43e48]" name="loginSucess" duration-ms="6211" started-at="2024-07-01T10:21:52 IDT" description="Test login with correct details" finished-at="2024-07-01T10:21:58 IDT">
          <reporter-output>
          </reporter-output>
        </test-method> <!-- loginSucess -->
        <test-method status="PASS" signature="tearDown()[pri:0, instance:wistamp.tests.LoginTest@69c43e48]" name="tearDown" is-config="true" duration-ms="1840" started-at="2024-07-01T10:21:58 IDT" finished-at="2024-07-01T10:22:00 IDT">
          <reporter-output>
          </reporter-output>
        </test-method> <!-- tearDown -->
      </class> <!-- wistamp.tests.LoginTest -->
      <class name="wistamp.tests.RenameTest">
        <test-method status="PASS" signature="setup(org.testng.ITestContext)[pri:0, instance:wistamp.tests.RenameTest@21680803]" name="setup" is-config="true" duration-ms="7011" started-at="2024-07-01T10:22:12 IDT" finished-at="2024-07-01T10:22:19 IDT">
          <params>
            <param index="0">
              <value>
                <![CDATA[org.testng.TestRunner@c82ad22]]>
              </value>
            </param>
          </params>
          <reporter-output>
          </reporter-output>
        </test-method> <!-- setup -->
        <test-method status="FAIL" signature="RenameSignature()[pri:0, instance:wistamp.tests.RenameTest@21680803]" name="RenameSignature" duration-ms="17692" started-at="2024-07-01T10:22:19 IDT" description="Test rename signature" finished-at="2024-07-01T10:22:36 IDT">
          <exception class="java.lang.AssertionError">
            <message>
              <![CDATA[expected [New Signature1] but found [New Signature]]]>
            </message>
            <full-stacktrace>
              <![CDATA[java.lang.AssertionError: expected [New Signature1] but found [New Signature]
at org.testng.Assert.fail(Assert.java:99)
at org.testng.Assert.failNotEquals(Assert.java:1037)
at org.testng.Assert.assertEqualsImpl(Assert.java:140)
at org.testng.Assert.assertEquals(Assert.java:122)
at org.testng.Assert.assertEquals(Assert.java:629)
at org.testng.Assert.assertEquals(Assert.java:639)
at wistamp.tests.RenameTest.RenameSignature(RenameTest.java:34)
at sun.reflect.NativeMethodAccessorImpl.invoke0(Native Method)
at sun.reflect.NativeMethodAccessorImpl.invoke(NativeMethodAccessorImpl.java:62)
at sun.reflect.DelegatingMethodAccessorImpl.invoke(DelegatingMethodAccessorImpl.java:43)
at java.lang.reflect.Method.invoke(Method.java:498)
at org.testng.internal.MethodInvocationHelper.invokeMethod(MethodInvocationHelper.java:133)
at org.testng.internal.TestInvoker.invokeMethod(TestInvoker.java:598)
at org.testng.internal.TestInvoker.invokeTestMethod(TestInvoker.java:173)
at org.testng.internal.MethodRunner.runInSequence(MethodRunner.java:46)
at org.testng.internal.TestInvoker$MethodInvocationAgent.invoke(TestInvoker.java:824)
at org.testng.internal.TestInvoker.invokeTestMethods(TestInvoker.java:146)
at org.testng.internal.TestMethodWorker.invokeTestMethods(TestMethodWorker.java:146)
at org.testng.internal.TestMethodWorker.run(TestMethodWorker.java:128)
at java.util.ArrayList.forEach(ArrayList.java:1255)
at org.testng.TestRunner.privateRun(TestRunner.java:794)
at org.testng.TestRunner.run(TestRunner.java:596)
at org.testng.SuiteRunner.runTest(SuiteRunner.java:377)
at org.testng.SuiteRunner.runSequentially(SuiteRunner.java:371)
at org.testng.SuiteRunner.privateRun(SuiteRunner.java:332)
at org.testng.SuiteRunner.run(SuiteRunner.java:276)
at org.testng.SuiteRunnerWorker.runSuite(SuiteRunnerWorker.java:53)
at org.testng.SuiteRunnerWorker.run(SuiteRunnerWorker.java:96)
at org.testng.TestNG.runSuitesSequentially(TestNG.java:1212)
at org.testng.TestNG.runSuitesLocally(TestNG.java:1134)
at org.testng.TestNG.runSuites(TestNG.java:1063)
at org.testng.TestNG.run(TestNG.java:1031)
at org.apache.maven.surefire.testng.TestNGExecutor.run(TestNGExecutor.java:283)
at org.apache.maven.surefire.testng.TestNGXmlTestSuite.execute(TestNGXmlTestSuite.java:75)
at org.apache.maven.surefire.testng.TestNGProvider.invoke(TestNGProvider.java:120)
at org.apache.maven.surefire.booter.ForkedBooter.runSuitesInProcess(ForkedBooter.java:377)
at org.apache.maven.surefire.booter.ForkedBooter.execute(ForkedBooter.java:138)
at org.apache.maven.surefire.booter.ForkedBooter.run(ForkedBooter.java:465)
at org.apache.maven.surefire.booter.ForkedBooter.main(ForkedBooter.java:451)
]]>
            </full-stacktrace>
          </exception> <!-- java.lang.AssertionError -->
          <reporter-output>
          </reporter-output>
        </test-method> <!-- RenameSignature -->
        <test-method status="PASS" signature="greenPopUp()[pri:0, instance:wistamp.tests.RenameTest@21680803]" name="greenPopUp" duration-ms="111" started-at="2024-07-01T10:22:37 IDT" description="Test pop up" finished-at="2024-07-01T10:22:37 IDT">
          <reporter-output>
          </reporter-output>
        </test-method> <!-- greenPopUp -->
        <test-method status="PASS" signature="tearDown()[pri:0, instance:wistamp.tests.RenameTest@21680803]" name="tearDown" is-config="true" duration-ms="970" started-at="2024-07-01T10:22:37 IDT" finished-at="2024-07-01T10:22:38 IDT">
          <reporter-output>
          </reporter-output>
        </test-method> <!-- tearDown -->
      </class> <!-- wistamp.tests.RenameTest -->
      <class name="wistamp.tests.TestEdit">
        <test-method status="PASS" signature="setup(org.testng.ITestContext)[pri:0, instance:wistamp.tests.TestEdit@588ab592]" name="setup" is-config="true" duration-ms="4743" started-at="2024-07-01T10:22:38 IDT" finished-at="2024-07-01T10:22:43 IDT">
          <params>
            <param index="0">
              <value>
                <![CDATA[org.testng.TestRunner@c82ad22]]>
              </value>
            </param>
          </params>
          <reporter-output>
          </reporter-output>
        </test-method> <!-- setup -->
        <test-method status="FAIL" signature="addDetails()[pri:0, instance:wistamp.tests.TestEdit@588ab592]" name="addDetails" duration-ms="18403" started-at="2024-07-01T10:22:43 IDT" description="Test add details" finished-at="2024-07-01T10:23:02 IDT">
          <exception class="java.lang.AssertionError">
            <message>
              <![CDATA[expected [Alex] but found [AlexAlexAlexAlex]]]>
            </message>
            <full-stacktrace>
              <![CDATA[java.lang.AssertionError: expected [Alex] but found [AlexAlexAlexAlex]
at org.testng.Assert.fail(Assert.java:99)
at org.testng.Assert.failNotEquals(Assert.java:1037)
at org.testng.Assert.assertEqualsImpl(Assert.java:140)
at org.testng.Assert.assertEquals(Assert.java:122)
at org.testng.Assert.assertEquals(Assert.java:629)
at org.testng.Assert.assertEquals(Assert.java:639)
at wistamp.tests.TestEdit.addDetails(TestEdit.java:27)
at sun.reflect.NativeMethodAccessorImpl.invoke0(Native Method)
at sun.reflect.NativeMethodAccessorImpl.invoke(NativeMethodAccessorImpl.java:62)
at sun.reflect.DelegatingMethodAccessorImpl.invoke(DelegatingMethodAccessorImpl.java:43)
at java.lang.reflect.Method.invoke(Method.java:498)
at org.testng.internal.MethodInvocationHelper.invokeMethod(MethodInvocationHelper.java:133)
at org.testng.internal.TestInvoker.invokeMethod(TestInvoker.java:598)
at org.testng.internal.TestInvoker.invokeTestMethod(TestInvoker.java:173)
at org.testng.internal.MethodRunner.runInSequence(MethodRunner.java:46)
at org.testng.internal.TestInvoker$MethodInvocationAgent.invoke(TestInvoker.java:824)
at org.testng.internal.TestInvoker.invokeTestMethods(TestInvoker.java:146)
at org.testng.internal.TestMethodWorker.invokeTestMethods(TestMethodWorker.java:146)
at org.testng.internal.TestMethodWorker.run(TestMethodWorker.java:128)
at java.util.ArrayList.forEach(ArrayList.java:1255)
at org.testng.TestRunner.privateRun(TestRunner.java:794)
at org.testng.TestRunner.run(TestRunner.java:596)
at org.testng.SuiteRunner.runTest(SuiteRunner.java:377)
at org.testng.SuiteRunner.runSequentially(SuiteRunner.java:371)
at org.testng.SuiteRunner.privateRun(SuiteRunner.java:332)
at org.testng.SuiteRunner.run(SuiteRunner.java:276)
at org.testng.SuiteRunnerWorker.runSuite(SuiteRunnerWorker.java:53)
at org.testng.SuiteRunnerWorker.run(SuiteRunnerWorker.java:96)
at org.testng.TestNG.runSuitesSequentially(TestNG.java:1212)
at org.testng.TestNG.runSuitesLocally(TestNG.java:1134)
at org.testng.TestNG.runSuites(TestNG.java:1063)
at org.testng.TestNG.run(TestNG.java:1031)
at org.apache.maven.surefire.testng.TestNGExecutor.run(TestNGExecutor.java:283)
at org.apache.maven.surefire.testng.TestNGXmlTestSuite.execute(TestNGXmlTestSuite.java:75)
at org.apache.maven.surefire.testng.TestNGProvider.invoke(TestNGProvider.java:120)
at org.apache.maven.surefire.booter.ForkedBooter.runSuitesInProcess(ForkedBooter.java:377)
at org.apache.maven.surefire.booter.ForkedBooter.execute(ForkedBooter.java:138)
at org.apache.maven.surefire.booter.ForkedBooter.run(ForkedBooter.java:465)
at org.apache.maven.surefire.booter.ForkedBooter.main(ForkedBooter.java:451)
]]>
            </full-stacktrace>
          </exception> <!-- java.lang.AssertionError -->
          <reporter-output>
          </reporter-output>
        </test-method> <!-- addDetails -->
        <test-method status="PASS" signature="tearDown()[pri:0, instance:wistamp.tests.TestEdit@588ab592]" name="tearDown" is-config="true" duration-ms="1844" started-at="2024-07-01T10:23:02 IDT" finished-at="2024-07-01T10:23:04 IDT">
          <reporter-output>
          </reporter-output>
        </test-method> <!-- tearDown -->
      </class> <!-- wistamp.tests.TestEdit -->
      <class name="wistamp.tests.AppDetailsTest">
        <test-method status="PASS" signature="setup(org.testng.ITestContext)[pri:0, instance:wistamp.tests.AppDetailsTest@c8b96ec]" name="setup" is-config="true" duration-ms="6565" started-at="2024-07-01T10:23:04 IDT" finished-at="2024-07-01T10:23:11 IDT">
          <params>
            <param index="0">
              <value>
                <![CDATA[org.testng.TestRunner@c82ad22]]>
              </value>
            </param>
          </params>
          <reporter-output>
          </reporter-output>
        </test-method> <!-- setup -->
        <test-method status="PASS" signature="addVideo()[pri:0, instance:wistamp.tests.AppDetailsTest@c8b96ec]" name="addVideo" duration-ms="15421" started-at="2024-07-01T10:23:11 IDT" description="Test add video" finished-at="2024-07-01T10:23:26 IDT">
          <reporter-output>
          </reporter-output>
        </test-method> <!-- addVideo -->
        <test-method status="PASS" signature="tearDown()[pri:0, instance:wistamp.tests.AppDetailsTest@c8b96ec]" name="tearDown" is-config="true" duration-ms="1430" started-at="2024-07-01T10:23:26 IDT" finished-at="2024-07-01T10:23:28 IDT">
          <reporter-output>
          </reporter-output>
        </test-method> <!-- tearDown -->
      </class> <!-- wistamp.tests.AppDetailsTest -->
    </test> <!-- Testng -->
  </suite> <!-- Suite -->
</testng-results>
