<?xml version="1.0" encoding="UTF-8"?>
<testng-results ignored="0" total="7" passed="5" failed="2" skipped="0">
  <reporter-output>
  </reporter-output>
  <suite started-at="2024-07-01T08:53:46 IDT" name="Suite" finished-at="2024-07-01T08:55:19 IDT" duration-ms="92253">
    <groups>
    </groups>
    <test started-at="2024-07-01T08:53:46 IDT" name="Testng" finished-at="2024-07-01T08:55:19 IDT" duration-ms="92253">
      <class name="wistamp.tests.ForgotPasswordTest">
        <test-method is-config="true" signature="setup()[pri:0, instance:wistamp.tests.ForgotPasswordTest@316bcf94]" started-at="2024-07-01T08:54:03 IDT" name="setup" finished-at="2024-07-01T08:54:06 IDT" duration-ms="2640" status="PASS">
          <reporter-output>
          </reporter-output>
        </test-method> <!-- setup -->
        <test-method signature="forgotPass()[pri:0, instance:wistamp.tests.ForgotPasswordTest@316bcf94]" started-at="2024-07-01T08:54:06 IDT" name="forgotPass" description="Test login with wrong details" finished-at="2024-07-01T08:54:14 IDT" duration-ms="8119" status="PASS">
          <reporter-output>
          </reporter-output>
        </test-method> <!-- forgotPass -->
        <test-method is-config="true" signature="tearDown()[pri:0, instance:wistamp.tests.ForgotPasswordTest@316bcf94]" started-at="2024-07-01T08:54:14 IDT" name="tearDown" finished-at="2024-07-01T08:54:15 IDT" duration-ms="423" status="PASS">
          <reporter-output>
          </reporter-output>
        </test-method> <!-- tearDown -->
      </class> <!-- wistamp.tests.ForgotPasswordTest -->
      <class name="wistamp.tests.LoginTest">
        <test-method is-config="true" signature="setup()[pri:0, instance:wistamp.tests.LoginTest@2ea41516]" started-at="2024-07-01T08:53:46 IDT" name="setup" finished-at="2024-07-01T08:53:56 IDT" duration-ms="9207" status="PASS">
          <reporter-output>
          </reporter-output>
        </test-method> <!-- setup -->
        <test-method signature="loginFailure()[pri:0, instance:wistamp.tests.LoginTest@2ea41516]" started-at="2024-07-01T08:53:56 IDT" name="loginFailure" description="Test login with wrong details" finished-at="2024-07-01T08:53:58 IDT" duration-ms="2318" status="PASS">
          <reporter-output>
          </reporter-output>
        </test-method> <!-- loginFailure -->
        <test-method signature="loginSucess()[pri:0, instance:wistamp.tests.LoginTest@2ea41516]" started-at="2024-07-01T08:53:58 IDT" name="loginSucess" description="Test login with correct details" finished-at="2024-07-01T08:54:03 IDT" duration-ms="4433" status="PASS">
          <reporter-output>
          </reporter-output>
        </test-method> <!-- loginSucess -->
        <test-method is-config="true" signature="tearDown()[pri:0, instance:wistamp.tests.LoginTest@2ea41516]" started-at="2024-07-01T08:54:03 IDT" name="tearDown" finished-at="2024-07-01T08:54:03 IDT" duration-ms="829" status="PASS">
          <reporter-output>
          </reporter-output>
        </test-method> <!-- tearDown -->
      </class> <!-- wistamp.tests.LoginTest -->
      <class name="wistamp.tests.TestEdit">
        <test-method is-config="true" signature="setup()[pri:0, instance:wistamp.tests.TestEdit@3e11f9e9]" started-at="2024-07-01T08:54:36 IDT" name="setup" finished-at="2024-07-01T08:54:40 IDT" duration-ms="4446" status="PASS">
          <reporter-output>
          </reporter-output>
        </test-method> <!-- setup -->
        <test-method signature="addDetails()[pri:0, instance:wistamp.tests.TestEdit@3e11f9e9]" started-at="2024-07-01T08:54:40 IDT" name="addDetails" description="Test add details" finished-at="2024-07-01T08:54:56 IDT" duration-ms="16007" status="FAIL">
          <exception class="java.lang.AssertionError">
            <message>
              <![CDATA[expected [Alex] but found [AlexAlex]]]>
            </message>
            <full-stacktrace>
              <![CDATA[java.lang.AssertionError: expected [Alex] but found [AlexAlex]
at org.testng.Assert.fail(Assert.java:99)
at org.testng.Assert.failNotEquals(Assert.java:1037)
at org.testng.Assert.assertEqualsImpl(Assert.java:140)
at org.testng.Assert.assertEquals(Assert.java:122)
at org.testng.Assert.assertEquals(Assert.java:629)
at org.testng.Assert.assertEquals(Assert.java:639)
at wistamp.tests.TestEdit.addDetails(TestEdit.java:27)
at java.base/jdk.internal.reflect.NativeMethodAccessorImpl.invoke0(Native Method)
at java.base/jdk.internal.reflect.NativeMethodAccessorImpl.invoke(NativeMethodAccessorImpl.java:77)
at java.base/jdk.internal.reflect.DelegatingMethodAccessorImpl.invoke(DelegatingMethodAccessorImpl.java:43)
at java.base/java.lang.reflect.Method.invoke(Method.java:568)
at org.testng.internal.MethodInvocationHelper.invokeMethod(MethodInvocationHelper.java:133)
at org.testng.internal.TestInvoker.invokeMethod(TestInvoker.java:598)
at org.testng.internal.TestInvoker.invokeTestMethod(TestInvoker.java:173)
at org.testng.internal.MethodRunner.runInSequence(MethodRunner.java:46)
at org.testng.internal.TestInvoker$MethodInvocationAgent.invoke(TestInvoker.java:824)
at org.testng.internal.TestInvoker.invokeTestMethods(TestInvoker.java:146)
at org.testng.internal.TestMethodWorker.invokeTestMethods(TestMethodWorker.java:146)
at org.testng.internal.TestMethodWorker.run(TestMethodWorker.java:128)
at java.base/java.util.ArrayList.forEach(ArrayList.java:1511)
at org.testng.TestRunner.privateRun(TestRunner.java:794)
at org.testng.TestRunner.run(TestRunner.java:596)
at org.testng.SuiteRunner.runTest(SuiteRunner.java:377)
at org.testng.SuiteRunner.runSequentially(SuiteRunner.java:371)
at org.testng.SuiteRunner.privateRun(SuiteRunner.java:332)
at org.testng.SuiteRunner.run(SuiteRunner.java:276)
at org.testng.SuiteRunnerWorker.runSuite(SuiteRunnerWorker.java:53)
at org.testng.SuiteRunnerWorker.run(SuiteRunnerWorker.java:96)
at org.testng.TestNG.runSuitesSequentially(TestNG.java:1212)
at org.testng.TestNG.runSuitesLocally(TestNG.java:1134)
at org.testng.TestNG.runSuites(TestNG.java:1063)
at org.testng.TestNG.run(TestNG.java:1031)
at org.testng.remote.AbstractRemoteTestNG.run(AbstractRemoteTestNG.java:115)
at org.testng.remote.RemoteTestNG.initAndRun(RemoteTestNG.java:293)
at org.testng.remote.RemoteTestNG.main(RemoteTestNG.java:91)
]]>
            </full-stacktrace>
          </exception> <!-- java.lang.AssertionError -->
          <reporter-output>
          </reporter-output>
        </test-method> <!-- addDetails -->
        <test-method is-config="true" signature="tearDown()[pri:0, instance:wistamp.tests.TestEdit@3e11f9e9]" started-at="2024-07-01T08:54:56 IDT" name="tearDown" finished-at="2024-07-01T08:54:57 IDT" duration-ms="1219" status="PASS">
          <reporter-output>
          </reporter-output>
        </test-method> <!-- tearDown -->
      </class> <!-- wistamp.tests.TestEdit -->
      <class name="wistamp.tests.RenameTest">
        <test-method is-config="true" signature="setup()[pri:0, instance:wistamp.tests.RenameTest@6404f418]" started-at="2024-07-01T08:54:15 IDT" name="setup" finished-at="2024-07-01T08:54:19 IDT" duration-ms="4465" status="PASS">
          <reporter-output>
          </reporter-output>
        </test-method> <!-- setup -->
        <test-method signature="RenameSignature()[pri:0, instance:wistamp.tests.RenameTest@6404f418]" started-at="2024-07-01T08:54:19 IDT" name="RenameSignature" description="Test rename signature" finished-at="2024-07-01T08:54:34 IDT" duration-ms="14854" status="FAIL">
          <exception class="java.lang.AssertionError">
            <message>
              <![CDATA[expected [New Signature1] but found [New Signature]]]>
            </message>
            <full-stacktrace>
              <![CDATA[java.lang.AssertionError: expected [New Signature1] but found [New Signature]
at org.testng.Assert.fail(Assert.java:99)
at org.testng.Assert.failNotEquals(Assert.java:1037)
at org.testng.Assert.assertEqualsImpl(Assert.java:140)
at org.testng.Assert.assertEquals(Assert.java:122)
at org.testng.Assert.assertEquals(Assert.java:629)
at org.testng.Assert.assertEquals(Assert.java:639)
at wistamp.tests.RenameTest.RenameSignature(RenameTest.java:34)
at java.base/jdk.internal.reflect.NativeMethodAccessorImpl.invoke0(Native Method)
at java.base/jdk.internal.reflect.NativeMethodAccessorImpl.invoke(NativeMethodAccessorImpl.java:77)
at java.base/jdk.internal.reflect.DelegatingMethodAccessorImpl.invoke(DelegatingMethodAccessorImpl.java:43)
at java.base/java.lang.reflect.Method.invoke(Method.java:568)
at org.testng.internal.MethodInvocationHelper.invokeMethod(MethodInvocationHelper.java:133)
at org.testng.internal.TestInvoker.invokeMethod(TestInvoker.java:598)
at org.testng.internal.TestInvoker.invokeTestMethod(TestInvoker.java:173)
at org.testng.internal.MethodRunner.runInSequence(MethodRunner.java:46)
at org.testng.internal.TestInvoker$MethodInvocationAgent.invoke(TestInvoker.java:824)
at org.testng.internal.TestInvoker.invokeTestMethods(TestInvoker.java:146)
at org.testng.internal.TestMethodWorker.invokeTestMethods(TestMethodWorker.java:146)
at org.testng.internal.TestMethodWorker.run(TestMethodWorker.java:128)
at java.base/java.util.ArrayList.forEach(ArrayList.java:1511)
at org.testng.TestRunner.privateRun(TestRunner.java:794)
at org.testng.TestRunner.run(TestRunner.java:596)
at org.testng.SuiteRunner.runTest(SuiteRunner.java:377)
at org.testng.SuiteRunner.runSequentially(SuiteRunner.java:371)
at org.testng.SuiteRunner.privateRun(SuiteRunner.java:332)
at org.testng.SuiteRunner.run(SuiteRunner.java:276)
at org.testng.SuiteRunnerWorker.runSuite(SuiteRunnerWorker.java:53)
at org.testng.SuiteRunnerWorker.run(SuiteRunnerWorker.java:96)
at org.testng.TestNG.runSuitesSequentially(TestNG.java:1212)
at org.testng.TestNG.runSuitesLocally(TestNG.java:1134)
at org.testng.TestNG.runSuites(TestNG.java:1063)
at org.testng.TestNG.run(TestNG.java:1031)
at org.testng.remote.AbstractRemoteTestNG.run(AbstractRemoteTestNG.java:115)
at org.testng.remote.RemoteTestNG.initAndRun(RemoteTestNG.java:293)
at org.testng.remote.RemoteTestNG.main(RemoteTestNG.java:91)
]]>
            </full-stacktrace>
          </exception> <!-- java.lang.AssertionError -->
          <reporter-output>
          </reporter-output>
        </test-method> <!-- RenameSignature -->
        <test-method signature="greenPopUp()[pri:0, instance:wistamp.tests.RenameTest@6404f418]" started-at="2024-07-01T08:54:34 IDT" name="greenPopUp" description="Test pop up" finished-at="2024-07-01T08:54:34 IDT" duration-ms="129" status="PASS">
          <reporter-output>
          </reporter-output>
        </test-method> <!-- greenPopUp -->
        <test-method is-config="true" signature="tearDown()[pri:0, instance:wistamp.tests.RenameTest@6404f418]" started-at="2024-07-01T08:54:34 IDT" name="tearDown" finished-at="2024-07-01T08:54:36 IDT" duration-ms="1613" status="PASS">
          <reporter-output>
          </reporter-output>
        </test-method> <!-- tearDown -->
      </class> <!-- wistamp.tests.RenameTest -->
      <class name="wistamp.tests.AppDetailsTest">
        <test-method is-config="true" signature="setup()[pri:0, instance:wistamp.tests.AppDetailsTest@1de5f259]" started-at="2024-07-01T08:54:57 IDT" name="setup" finished-at="2024-07-01T08:55:03 IDT" duration-ms="5462" status="PASS">
          <reporter-output>
          </reporter-output>
        </test-method> <!-- setup -->
        <test-method signature="addVideo()[pri:0, instance:wistamp.tests.AppDetailsTest@1de5f259]" started-at="2024-07-01T08:55:03 IDT" name="addVideo" description="Test add video" finished-at="2024-07-01T08:55:18 IDT" duration-ms="14933" status="PASS">
          <reporter-output>
          </reporter-output>
        </test-method> <!-- addVideo -->
        <test-method is-config="true" signature="tearDown()[pri:0, instance:wistamp.tests.AppDetailsTest@1de5f259]" started-at="2024-07-01T08:55:18 IDT" name="tearDown" finished-at="2024-07-01T08:55:19 IDT" duration-ms="977" status="PASS">
          <reporter-output>
          </reporter-output>
        </test-method> <!-- tearDown -->
      </class> <!-- wistamp.tests.AppDetailsTest -->
    </test> <!-- Testng -->
  </suite> <!-- Suite -->
</testng-results>
